<?xml version="1.0" encoding="UTF-8"?>
<!-- Generated by org.testng.reporters.JUnitXMLReporter -->
<testsuite ignored="0" hostname="DESKTOP-C49BECE" failures="1" tests="9" name="Test" time="34.928" errors="0" timestamp="2022-01-01T14:43:13 GST">
  <testcase classname="Testcases.PlaceOrder" name="selectCategory" time="7.565"/>
  <testcase classname="Testcases.PlaceOrder" name="productPrice" time="1.806">
    <failure type="java.lang.AssertionError" message=" There are products price not between 39 and 80. expected [true] but found [false]">
      <![CDATA[java.lang.AssertionError:  There are products price not between 39 and 80. expected [true] but found [false]
at Testcases.PlaceOrder.productPrice(PlaceOrder.java:78)
at java.base/java.util.ArrayList.forEach(ArrayList.java:1511)
... Removed 30 stack frames]]>
    </failure>
  </testcase> <!-- productPrice -->
  <testcase classname="Testcases.PlaceOrder" name="addLastProductToCart" time="10.377"/>
  <testcase classname="Testcases.PlaceOrder" name="verifyLastItemAdded" time="3.071"/>
  <testcase classname="Testcases.PlaceOrder" name="checkFirstProductName" time="6.183"/>
  <testcase classname="Testcases.PlaceOrder" name="verifyProductScreenshots" time="0.03"/>
  <testcase classname="Testcases.PlaceOrder" name="addToCart" time="0.97"/>
  <testcase classname="Testcases.PlaceOrder" name="verifyItemAdded" time="3.42"/>
  <testcase classname="Testcases.PlaceOrder" name="verifyCartItems" time="1.351"/>
</testsuite> <!-- Test -->
